nohup: ignoring input
2019-09-04 16:33:29.989537: I tensorflow/core/platform/s3/aws_logging.cc:53] Initializing Curl library

Parameters:
ALLOW_SOFT_PLACEMENT=<absl.flags._flag.BooleanFlag object at 0x2b11699de550>
BATCH_SIZE=<absl.flags._flag.Flag object at 0x2b11699de9e8>
DROPOUT_KEEP_PROB=<absl.flags._flag.Flag object at 0x2b11699de978>
EMBEDDING_DIM=<absl.flags._flag.Flag object at 0x2b11699dfc88>
FILTER_SIZES=<absl.flags._flag.Flag object at 0x2b11699de438>
L2_REG_LAMBDA=<absl.flags._flag.Flag object at 0x2b11699def60>
LOG_DEVICE_PLACEMENT=<absl.flags._flag.BooleanFlag object at 0x2b11699de748>
NUM_EPOCHS=<absl.flags._flag.Flag object at 0x2b11699de6d8>
NUM_FILTERS=<absl.flags._flag.Flag object at 0x2b11699ded68>
PARA_DATA=<absl.flags._flag.Flag object at 0x2b11699dfc50>
TRAIN_DATA=<absl.flags._flag.Flag object at 0x2b11699df5f8>
VALID_DATA=<absl.flags._flag.Flag object at 0x2b11699df9b0>
WORD2VEC=<absl.flags._flag.Flag object at 0x2b10ed17b7b8>

Loading data...
5541
3568
16
446
32
446
2019-09-04 16:33:32.032896: I tensorflow/core/common_runtime/gpu/gpu_device.cc:1206] Found device 0 with properties: 
name: Tesla K80 major: 3 minor: 7 memoryClockRate(GHz): 0.8235
pciBusID: 0000:06:00.0
totalMemory: 11.17GiB freeMemory: 11.11GiB
2019-09-04 16:33:32.290316: I tensorflow/core/common_runtime/gpu/gpu_device.cc:1206] Found device 1 with properties: 
name: Tesla K80 major: 3 minor: 7 memoryClockRate(GHz): 0.8235
pciBusID: 0000:07:00.0
totalMemory: 11.17GiB freeMemory: 11.11GiB
2019-09-04 16:33:32.561584: I tensorflow/core/common_runtime/gpu/gpu_device.cc:1206] Found device 2 with properties: 
name: Tesla K80 major: 3 minor: 7 memoryClockRate(GHz): 0.8235
pciBusID: 0000:85:00.0
totalMemory: 11.17GiB freeMemory: 11.11GiB
2019-09-04 16:33:32.794448: I tensorflow/core/common_runtime/gpu/gpu_device.cc:1206] Found device 3 with properties: 
name: Tesla K80 major: 3 minor: 7 memoryClockRate(GHz): 0.8235
pciBusID: 0000:86:00.0
totalMemory: 11.17GiB freeMemory: 11.11GiB
2019-09-04 16:33:32.795750: I tensorflow/core/common_runtime/gpu/gpu_device.cc:1221] Device peer to peer matrix
2019-09-04 16:33:32.795814: I tensorflow/core/common_runtime/gpu/gpu_device.cc:1227] DMA: 0 1 2 3 
2019-09-04 16:33:32.795824: I tensorflow/core/common_runtime/gpu/gpu_device.cc:1237] 0:   Y Y N N 
2019-09-04 16:33:32.795829: I tensorflow/core/common_runtime/gpu/gpu_device.cc:1237] 1:   Y Y N N 
2019-09-04 16:33:32.795834: I tensorflow/core/common_runtime/gpu/gpu_device.cc:1237] 2:   N N Y Y 
2019-09-04 16:33:32.795839: I tensorflow/core/common_runtime/gpu/gpu_device.cc:1237] 3:   N N Y Y 
2019-09-04 16:33:32.795851: I tensorflow/core/common_runtime/gpu/gpu_device.cc:1300] Adding visible gpu device 0
2019-09-04 16:33:32.795857: I tensorflow/core/common_runtime/gpu/gpu_device.cc:1300] Adding visible gpu device 1
2019-09-04 16:33:32.795862: I tensorflow/core/common_runtime/gpu/gpu_device.cc:1300] Adding visible gpu device 2
2019-09-04 16:33:32.795866: I tensorflow/core/common_runtime/gpu/gpu_device.cc:1300] Adding visible gpu device 3
2019-09-04 16:33:33.658166: I tensorflow/core/common_runtime/gpu/gpu_device.cc:987] Creating TensorFlow device (/job:localhost/replica:0/task:0/device:GPU:0 with 10775 MB memory) -> physical GPU (device: 0, name: Tesla K80, pci bus id: 0000:06:00.0, compute capability: 3.7)
2019-09-04 16:33:33.659547: I tensorflow/core/common_runtime/gpu/gpu_device.cc:987] Creating TensorFlow device (/job:localhost/replica:0/task:0/device:GPU:1 with 10775 MB memory) -> physical GPU (device: 1, name: Tesla K80, pci bus id: 0000:07:00.0, compute capability: 3.7)
2019-09-04 16:33:33.660735: I tensorflow/core/common_runtime/gpu/gpu_device.cc:987] Creating TensorFlow device (/job:localhost/replica:0/task:0/device:GPU:2 with 10775 MB memory) -> physical GPU (device: 2, name: Tesla K80, pci bus id: 0000:85:00.0, compute capability: 3.7)
2019-09-04 16:33:33.661953: I tensorflow/core/common_runtime/gpu/gpu_device.cc:987] Creating TensorFlow device (/job:localhost/replica:0/task:0/device:GPU:3 with 10773 MB memory) -> physical GPU (device: 3, name: Tesla K80, pci bus id: 0000:86:00.0, compute capability: 3.7)
Tensor("attention/transpose_1:0", shape=(?, 16, 1), dtype=float32)
WARNING:tensorflow:From /home/yudi/NARRE/model/NARRE.py:186: calling reduce_sum (from tensorflow.python.ops.math_ops) with keep_dims is deprecated and will be removed in a future version.
Instructions for updating:
keep_dims is deprecated, use keepdims instead
5541
3568
epoch 0 start......

Evaluation:
500
loss_valid 59.1194, rmse_valid 1.53929, mae_valid 1.40525


Evaluation:
1000
loss_valid 38.4539, rmse_valid 1.24133, mae_valid 1.11787

0:


Evaluation:
train:rmse,mae: 1.6397563917049462 1.3564085246284228
[[2.1247517e-15 8.8164014e-14 1.3203256e-15 1.0877749e-14 8.3333336e-02
  8.3333336e-02 8.3333336e-02 8.3333336e-02 8.3333336e-02 8.3333336e-02
  8.3333336e-02 8.3333336e-02 8.3333336e-02 8.3333336e-02 8.3333336e-02
  8.3333336e-02]]
[[1.2253092e-18 1.8896831e-18 1.2629705e-18 3.2936459e-14 1.2046904e-16
  1.1401696e-15 2.0615632e-14 7.0503561e-19 4.1666668e-02 4.1666668e-02
  4.1666668e-02 4.1666668e-02 4.1666668e-02 4.1666668e-02 4.1666668e-02
  4.1666668e-02 4.1666668e-02 4.1666668e-02 4.1666668e-02 4.1666668e-02
  4.1666668e-02 4.1666668e-02 4.1666668e-02 4.1666668e-02 4.1666668e-02
  4.1666668e-02 4.1666668e-02 4.1666668e-02 4.1666668e-02 4.1666668e-02
  4.1666668e-02 4.1666668e-02]]
loss_valid 32.8232, rmse_valid 1.14677, mae_valid 1.01309

epoch 1 start......

Evaluation:
500
loss_valid 26.2092, rmse_valid 1.02446, mae_valid 0.852765


Evaluation:
1000
loss_valid 27.4248, rmse_valid 1.04808, mae_valid 0.901157

1:


Evaluation:
train:rmse,mae: 1.1772756472877834 0.9582966472791589
[[7.7120877e-18 1.6494492e-19 9.2705685e-17 4.9808793e-16 2.2294296e-18
  1.6299536e-18 8.6471501e-18 5.5974198e-16 1.4392420e-17 5.7585052e-19
  1.4220898e-16 1.1865965e-17 2.5000000e-01 2.5000000e-01 2.5000000e-01
  2.5000000e-01]]
[[1.25020435e-07 3.47659479e-05 1.87247498e-08 1.26250579e-05
  9.94547665e-01 1.46408556e-05 5.54766633e-09 8.43994314e-08
  1.90334057e-03 7.08150310e-06 1.29664963e-08 6.66196684e-06
  1.17238645e-08 9.58783062e-07 1.16993320e-07 4.30302833e-08
  8.47461692e-04 9.67040887e-06 1.26094735e-09 6.82331688e-07
  1.42467579e-05 1.58301831e-04 7.41126485e-08 2.80674594e-05
  3.13604502e-08 7.41792610e-06 6.16238927e-09 7.82955794e-06
  1.57272955e-03 7.60470812e-06 8.17610184e-04 1.26851489e-07]]
loss_valid 25.7988, rmse_valid 1.01652, mae_valid 0.861337

epoch 2 start......

Evaluation:
500
loss_valid 22.7321, rmse_valid 0.954072, mae_valid 0.763178


Evaluation:
1000
loss_valid 21.8221, rmse_valid 0.934786, mae_valid 0.74405

2:


Evaluation:
train:rmse,mae: 0.9855816431091603 0.781407851671827
[[3.9078486e-08 1.2488014e-05 3.5528815e-04 1.4559689e-07 7.6401466e-07
  1.5877965e-03 1.3406624e-06 1.6409560e-04 2.9097916e-06 4.0857148e-01
  1.5650295e-03 6.6803320e-04 5.8433586e-01 6.0884744e-05 2.6566761e-03
  1.7164359e-05]]
[[3.8012446e-10 2.4918128e-11 1.2064620e-10 2.6124565e-09 8.3646687e-11
  4.3889652e-09 1.1294683e-11 2.0790283e-10 6.1789562e-10 2.3765542e-10
  1.0348474e-09 4.7619049e-02 4.7619049e-02 4.7619049e-02 4.7619049e-02
  4.7619049e-02 4.7619049e-02 4.7619049e-02 4.7619049e-02 4.7619049e-02
  4.7619049e-02 4.7619049e-02 4.7619049e-02 4.7619049e-02 4.7619049e-02
  4.7619049e-02 4.7619049e-02 4.7619049e-02 4.7619049e-02 4.7619049e-02
  4.7619049e-02 4.7619049e-02]]
loss_valid 22.0433, rmse_valid 0.939501, mae_valid 0.755351

epoch 3 start......

Evaluation:
500
loss_valid 21.2119, rmse_valid 0.921556, mae_valid 0.720584


Evaluation:
1000
loss_valid 20.818, rmse_valid 0.912958, mae_valid 0.705417

3:


Evaluation:
train:rmse,mae: 0.9026366336910046 0.6954881104006283
[[9.8065024e-18 1.3047285e-16 1.4348456e-16 6.9114137e-12 1.2029584e-16
  1.7359977e-16 1.0000000e-01 1.0000000e-01 1.0000000e-01 1.0000000e-01
  1.0000000e-01 1.0000000e-01 1.0000000e-01 1.0000000e-01 1.0000000e-01
  1.0000000e-01]]
[[1.1537772e-02 1.0851367e-03 5.3400374e-03 1.8857417e-01 2.0643743e-04
  7.5651325e-05 1.4452161e-02 7.0465052e-05 4.6466765e-04 7.7483721e-02
  4.3209824e-03 8.3552651e-02 1.7416099e-04 4.6181134e-03 2.4786295e-02
  8.1301201e-04 2.3397646e-04 2.7729130e-01 3.7944311e-04 2.8377382e-02
  2.8706409e-04 1.7770020e-02 1.8264111e-03 3.0637840e-03 8.4952088e-03
  1.8249791e-04 8.3757125e-02 3.6106238e-04 9.1083981e-03 1.8959376e-04
  8.7735370e-02 6.3385956e-02]]
loss_valid 20.6611, rmse_valid 0.909497, mae_valid 0.692096

epoch 4 start......

Evaluation:
500
loss_valid 20.3935, rmse_valid 0.903597, mae_valid 0.686581


Evaluation:
1000
loss_valid 20.289, rmse_valid 0.901232, mae_valid 0.686326

4:


Evaluation:
train:rmse,mae: 0.865423754159955 0.655776107771961
[[5.4942317e-10 1.4554323e-10 1.5494909e-11 4.1365730e-11 1.5204306e-12
  2.8670327e-10 2.1811851e-11 1.1111111e-01 1.1111111e-01 1.1111111e-01
  1.1111111e-01 1.1111111e-01 1.1111111e-01 1.1111111e-01 1.1111111e-01
  1.1111111e-01]]
[[1.4928980e-04 2.8746356e-03 6.4526483e-02 1.1341843e-01 5.1505476e-01
  1.7311801e-05 3.9767943e-05 2.4479004e-06 2.0228587e-04 4.3468581e-06
  2.5857190e-04 4.9012506e-06 5.0352118e-03 1.1691146e-04 7.8558596e-06
  2.0684361e-06 3.6709916e-04 1.8702318e-05 2.2304133e-05 4.3380933e-04
  3.5094915e-04 1.5545491e-04 1.0409701e-03 2.1335721e-01 3.5521954e-02
  5.2235769e-06 2.2634328e-03 4.3640733e-02 5.9808585e-06 2.2881616e-06
  9.7935123e-04 1.1922187e-04]]
loss_valid 20.2345, rmse_valid 0.900014, mae_valid 0.678371

epoch 5 start......

Evaluation:
500
loss_valid 20.3083, rmse_valid 0.901662, mae_valid 0.692957


Evaluation:
1000
loss_valid 19.9883, rmse_valid 0.894473, mae_valid 0.671538

5:


Evaluation:
train:rmse,mae: 0.8410431109764726 0.6312796427143945
[[4.3295177e-07 1.9443266e-06 1.0992945e-03 9.0090265e-07 4.7081816e-08
  2.5323784e-04 3.3749012e-07 9.6428157e-06 1.1265827e-06 9.8881054e-01
  1.1450236e-04 9.0183887e-05 7.3325275e-03 5.5285305e-05 2.2206593e-03
  9.3425015e-06]]
[[2.5895380e-07 1.4233797e-06 1.7553872e-04 1.6624679e-07 1.1759247e-02
  2.9943169e-03 4.1720337e-01 1.0685911e-05 3.9207339e-01 2.3909241e-04
  3.9085485e-03 8.4281970e-07 3.2765624e-07 1.7956392e-05 2.3445240e-03
  9.5709221e-04 1.0812694e-03 9.4801024e-08 5.2359872e-05 7.8566540e-05
  3.6939822e-05 1.5556327e-01 1.2207983e-04 1.0458466e-02 5.7557639e-04
  1.4480466e-06 2.0035807e-06 5.5081000e-06 2.4157507e-07 2.9104478e-06
  3.3245952e-04 8.3152052e-08]]
loss_valid 19.9073, rmse_valid 0.892669, mae_valid 0.667102

epoch 6 start......

Evaluation:
500
loss_valid 19.8521, rmse_valid 0.891423, mae_valid 0.663527


Evaluation:
1000
loss_valid 19.7852, rmse_valid 0.88991, mae_valid 0.661787

6:


Evaluation:
train:rmse,mae: 0.8235777721312887 0.6138596238433451
[[1.1294358e-04 4.4299633e-04 3.1370050e-03 6.7403185e-04 1.6850529e-06
  5.2791033e-03 8.1900377e-03 9.1926224e-05 3.8682570e-06 2.0734031e-02
  9.5176464e-01 1.0340350e-05 4.9692909e-03 5.5054514e-08 4.5833420e-03
  4.7680123e-06]]
[[2.6957075e-06 3.2903269e-01 7.0015349e-06 1.5241611e-01 3.5262096e-04
  1.2723608e-01 1.3518126e-01 2.1509689e-04 3.9792835e-04 3.6982565e-05
  8.0578849e-03 2.3908215e-06 1.4329616e-04 7.9708420e-02 5.0136546e-04
  1.3557616e-01 1.4066907e-07 7.4970693e-04 6.1574479e-05 4.7998037e-03
  6.0189026e-03 2.2368850e-07 6.3110673e-04 6.2694628e-04 1.0266132e-02
  2.6195010e-03 3.5160969e-04 1.4178771e-06 4.3965589e-08 4.9748067e-03
  1.0336729e-05 1.9720290e-05]]
loss_valid 19.7786, rmse_valid 0.88976, mae_valid 0.661225

epoch 7 start......

Evaluation:
500
loss_valid 19.8248, rmse_valid 0.890777, mae_valid 0.661879


Evaluation:
1000
loss_valid 19.8007, rmse_valid 0.890272, mae_valid 0.673351

7:


Evaluation:
train:rmse,mae: 0.8099220440007638 0.6025000752170305
[[4.9117643e-10 7.5822726e-09 1.5077138e-08 3.6079532e-06 1.6138186e-11
  3.6896874e-11 1.8717748e-13 1.1114198e-11 1.3180673e-15 1.3168382e-12
  1.3791483e-15 1.4637793e-14 7.8547866e-14 3.3333212e-01 3.3333212e-01
  3.3333212e-01]]
[[1.7032746e-04 4.5209182e-03 3.3190179e-01 2.9924937e-02 6.4691843e-04
  3.0984982e-05 3.8528422e-05 3.4821140e-05 2.5976356e-04 1.6863343e-05
  2.2009393e-02 3.9430699e-05 1.9201051e-04 2.4289826e-03 2.0237984e-01
  4.4528721e-03 9.8041939e-03 2.7963140e-03 2.8723905e-06 8.3149865e-02
  1.6814296e-01 1.4139736e-05 1.3192813e-04 1.2643704e-02 1.8348634e-02
  1.2674868e-06 6.7046508e-02 7.3097571e-04 2.6534649e-03 2.6364712e-04
  3.5208225e-02 1.2968635e-05]]
loss_valid 19.6972, rmse_valid 0.88791, mae_valid 0.657576

epoch 8 start......

Evaluation:
500
loss_valid 19.7209, rmse_valid 0.888305, mae_valid 0.661135


Evaluation:
1000
loss_valid 19.811, rmse_valid 0.890288, mae_valid 0.653853

8:


Evaluation:
train:rmse,mae: 0.8066752903415385 0.5985036305183373
[[3.0327944e-06 1.7454624e-05 1.0591260e-12 1.1747224e-07 3.7849825e-09
  9.0907216e-02 9.0907216e-02 9.0907216e-02 9.0907216e-02 9.0907216e-02
  9.0907216e-02 9.0907216e-02 9.0907216e-02 9.0907216e-02 9.0907216e-02
  9.0907216e-02]]
[[2.1382190e-04 3.3774073e-04 5.9334297e-09 9.3361101e-05 3.5691250e-02
  3.5691250e-02 3.5691250e-02 3.5691250e-02 3.5691250e-02 3.5691250e-02
  3.5691250e-02 3.5691250e-02 3.5691250e-02 3.5691250e-02 3.5691250e-02
  3.5691250e-02 3.5691250e-02 3.5691250e-02 3.5691250e-02 3.5691250e-02
  3.5691250e-02 3.5691250e-02 3.5691250e-02 3.5691250e-02 3.5691250e-02
  3.5691250e-02 3.5691250e-02 3.5691250e-02 3.5691250e-02 3.5691250e-02
  3.5691250e-02 3.5691250e-02]]
loss_valid 19.6891, rmse_valid 0.887565, mae_valid 0.659972

epoch 9 start......

Evaluation:
500
loss_valid 19.7975, rmse_valid 0.889961, mae_valid 0.658482


Evaluation:
1000
loss_valid 19.6941, rmse_valid 0.887664, mae_valid 0.660392

9:


Evaluation:
train:rmse,mae: 0.8021099859965596 0.5948506020693387
[[8.2638162e-06 9.6189762e-03 3.9491862e-02 7.5128660e-02 1.3219599e-04
  2.6272641e-02 8.2897514e-02 6.5508387e-03 4.9273424e-02 1.5911002e-02
  8.0422267e-02 2.7579296e-02 1.4564542e-01 3.1790885e-01 1.1972865e-01
  3.4301211e-03]]
[[1.9374560e-03 2.3765541e-08 1.3585282e-06 3.8696646e-12 1.9321018e-07
  2.1132443e-07 1.5864622e-04 9.7786187e-07 1.3231787e-07 5.7379063e-04
  5.6520457e-07 2.7486729e-02 1.6807472e-07 3.6393890e-09 2.4934440e-07
  2.6067337e-06 2.9732638e-08 3.1578994e-01 8.8170180e-14 1.8122245e-18
  1.5562095e-11 5.1649318e-10 3.7956047e-10 1.7975522e-05 7.0182454e-05
  6.0923302e-09 5.0460696e-02 3.7671393e-07 1.9329591e-05 4.5467705e-06
  3.9788638e-08 6.0347372e-01]]
loss_valid 19.6915, rmse_valid 0.8876, mae_valid 0.657611

epoch 10 start......

Evaluation:
500
loss_valid 19.8733, rmse_valid 0.891668, mae_valid 0.657754


Evaluation:
1000
loss_valid 19.8558, rmse_valid 0.891272, mae_valid 0.658248

10:


Evaluation:
train:rmse,mae: 0.7882504275455567 0.5825480509783335
[[6.5578575e-08 1.1925863e-03 1.8085109e-04 3.3811008e-05 2.4650190e-03
  1.4436951e-04 4.0565687e-04 3.1021595e-04 2.1757980e-04 9.5221103e-06
  4.0749344e-01 2.8540669e-03 8.3711952e-02 1.0551144e-04 5.0087523e-01
  4.1984499e-08]]
[[9.0542810e-05 4.8237052e-02 5.2457306e-08 1.1291561e-08 3.6674824e-06
  3.7366310e-09 1.7043695e-04 5.8191242e-03 6.3254073e-09 2.5196865e-03
  9.6860036e-02 9.4764786e-05 5.2668002e-02 2.7902715e-07 5.4426874e-10
  2.1795429e-02 2.0870274e-10 9.1538057e-02 2.5934810e-10 2.6339829e-01
  5.8302330e-06 1.7205499e-11 1.3880852e-01 8.9450538e-07 3.8610153e-02
  6.0783183e-09 1.0547411e-01 6.1571121e-02 4.6937175e-02 2.5179222e-02
  2.1755167e-04 1.6691075e-10]]
loss_valid 19.9097, rmse_valid 0.892486, mae_valid 0.653811

epoch 11 start......

Evaluation:
500
loss_valid 19.9126, rmse_valid 0.892457, mae_valid 0.661282


Evaluation:
1000
loss_valid 19.7917, rmse_valid 0.889788, mae_valid 0.658201

11:


Evaluation:
train:rmse,mae: 0.7846140487758434 0.577445283604129
[[2.3101803e-09 6.7187038e-09 3.5995726e-08 1.0300607e-07 5.4798331e-08
  6.8423911e-09 9.9999979e-02 9.9999979e-02 9.9999979e-02 9.9999979e-02
  9.9999979e-02 9.9999979e-02 9.9999979e-02 9.9999979e-02 9.9999979e-02
  9.9999979e-02]]
[[6.5112158e-06 1.9872957e-06 1.2227714e-08 7.7311097e-06 7.7853056e-06
  3.2120195e-05 8.9636065e-02 2.5818313e-02 2.6664801e-03 1.3426621e-02
  1.1273624e-07 9.5504893e-06 7.5359992e-07 2.2623466e-02 4.7554760e-03
  9.9188678e-02 1.1623865e-04 6.5442540e-02 3.5564308e-06 2.0432110e-01
  6.5823406e-02 1.8552885e-03 9.5719494e-02 6.6116459e-06 1.8432394e-01
  8.1297649e-06 7.5226082e-05 1.0043201e-03 4.6001798e-09 4.1283261e-06
  1.2311245e-01 1.9107065e-06]]
loss_valid 19.8032, rmse_valid 0.890063, mae_valid 0.66241

epoch 12 start......

Evaluation:
500
loss_valid 20.0366, rmse_valid 0.895299, mae_valid 0.662334


Evaluation:
1000
loss_valid 20.0498, rmse_valid 0.895605, mae_valid 0.659135

12:


Evaluation:
train:rmse,mae: 0.7770090548600551 0.5713180306741005
[[6.34342199e-03 2.51739979e-01 1.24194734e-01 1.83625903e-03
  5.70650846e-02 5.61944135e-02 3.13780606e-02 1.56482123e-03
  2.10919842e-01 2.27784491e-04 2.53753096e-04 1.70507381e-04
  1.50068616e-03 1.35272101e-01 1.20205224e-01 1.13339652e-03]]
[[4.3238009e-12 7.0205348e-09 1.6179734e-03 1.4268061e-09 1.1088899e-09
  8.1547145e-03 7.6739131e-03 2.1457774e-08 2.7275568e-08 2.9625255e-08
  1.4951875e-05 5.4598146e-04 1.6057511e-08 1.4586213e-08 5.4555129e-02
  5.4555129e-02 5.4555129e-02 5.4555129e-02 5.4555129e-02 5.4555129e-02
  5.4555129e-02 5.4555129e-02 5.4555129e-02 5.4555129e-02 5.4555129e-02
  5.4555129e-02 5.4555129e-02 5.4555129e-02 5.4555129e-02 5.4555129e-02
  5.4555129e-02 5.4555129e-02]]
loss_valid 19.8631, rmse_valid 0.891423, mae_valid 0.660699

epoch 13 start......

Evaluation:
500
loss_valid 20.0136, rmse_valid 0.894782, mae_valid 0.661596


Evaluation:
1000
loss_valid 19.8625, rmse_valid 0.89141, mae_valid 0.656204

13:


Evaluation:
train:rmse,mae: 0.7738587229148202 0.568542432324322
[[7.3312614e-05 2.7536161e-02 3.7658580e-02 2.5131110e-02 6.8731410e-03
  4.4890991e-03 2.2775035e-03 1.1655101e-04 8.0666687e-06 6.5385463e-04
  1.6456546e-04 8.8261467e-01 3.0961772e-03 6.8529849e-03 2.3958135e-04
  2.2146679e-03]]
[[1.17324972e-09 8.46843776e-12 3.91575461e-03 2.01643632e-11
  8.92331542e-08 1.35209525e-13 1.28184422e-06 1.15883832e-12
  5.11886145e-04 2.99697533e-09 9.97364619e-17 1.62075879e-15
  1.32515365e-02 5.27175376e-03 2.94603683e-06 5.74732199e-02
  5.74732199e-02 5.74732199e-02 5.74732199e-02 5.74732199e-02
  5.74732199e-02 5.74732199e-02 5.74732199e-02 5.74732199e-02
  5.74732199e-02 5.74732199e-02 5.74732199e-02 5.74732199e-02
  5.74732199e-02 5.74732199e-02 5.74732199e-02 5.74732199e-02]]
loss_valid 19.8659, rmse_valid 0.891473, mae_valid 0.655201

epoch 14 start......

Evaluation:
500
loss_valid 20.143, rmse_valid 0.897599, mae_valid 0.66204


Evaluation:
1000
loss_valid 19.9989, rmse_valid 0.894383, mae_valid 0.658434

14:


Evaluation:
train:rmse,mae: 0.7676182519986434 0.5616964500595406
[[3.8088807e-01 1.6641639e-02 3.9100817e-01 5.7714224e-05 2.4118366e-04
  1.1841247e-02 1.6762210e-04 3.6323722e-03 2.8868549e-04 1.7879687e-01
  3.1026097e-03 5.1958286e-03 2.4791079e-04 5.9309143e-05 7.7043390e-03
  1.2641003e-04]]
[[1.66912200e-19 5.88946909e-19 1.05653229e-11 6.47189916e-18
  1.16802451e-28 5.73832367e-22 3.16499686e-03 8.64115544e-04
  6.79600560e-12 8.00666399e-03 2.73093991e-02 5.33425016e-03
  8.55923208e-05 1.50951192e-30 1.40986485e-11 9.82862821e-06
  1.48986364e-04 3.27742564e-16 1.53643382e-03 2.00569593e-05
  1.67440213e-08 8.66836011e-02 8.66836011e-02 8.66836011e-02
  8.66836011e-02 8.66836011e-02 8.66836011e-02 8.66836011e-02
  8.66836011e-02 8.66836011e-02 8.66836011e-02 8.66836011e-02]]
loss_valid 19.9798, rmse_valid 0.893949, mae_valid 0.658005

epoch 15 start......

Evaluation:
500
loss_valid 20.0284, rmse_valid 0.895077, mae_valid 0.658297


Evaluation:
1000
loss_valid 19.958, rmse_valid 0.8935, mae_valid 0.662409

15:


Evaluation:
train:rmse,mae: 0.762988492227407 0.5575051514710782
[[5.0920423e-09 4.3974465e-04 1.1537551e-01 3.2170993e-07 2.4599334e-05
  8.4880330e-06 6.9408678e-03 1.1481790e-02 1.3907065e-04 2.9670429e-01
  1.0244236e-05 4.5399499e-01 1.6834982e-03 2.0571325e-02 1.0132365e-02
  8.2492903e-02]]
[[8.4286897e-19 1.8425082e-04 7.3271086e-15 3.0232618e-23 4.6555738e-11
  6.9784029e-14 3.7510037e-15 9.1781869e-22 3.1066883e-02 8.6649743e-14
  2.6701155e-24 1.9045912e-05 1.6406287e-18 7.3612538e-09 1.9444747e-02
  3.9479237e-06 7.6833845e-16 1.3780069e-16 3.5390377e-19 6.4229528e-20
  1.9821371e-15 2.3979526e-14 1.1384093e-17 4.6209798e-16 3.1797999e-19
  4.0753389e-17 5.9271499e-29 1.6664659e-13 6.7766935e-02 1.1842110e-08
  4.4075704e-01 4.4075704e-01]]
loss_valid 20.0015, rmse_valid 0.894471, mae_valid 0.662442

epoch 16 start......

Evaluation:
500
loss_valid 20.1293, rmse_valid 0.897308, mae_valid 0.661983


Evaluation:
1000
loss_valid 20.2929, rmse_valid 0.90093, mae_valid 0.662109

16:


Evaluation:
train:rmse,mae: 0.7552265836708788 0.5503112173022855
[[2.2190850e-06 1.4745227e-01 1.6955436e-04 2.5703077e-04 1.3433994e-05
  1.9325763e-10 3.0311714e-08 2.1540457e-10 9.4625887e-07 2.0976800e-06
  3.2559883e-06 9.9245356e-10 1.0520417e-05 8.5166121e-01 5.8381836e-05
  3.6899155e-04]]
[[0.0000000e+00 3.9216856e-20 5.8096527e-17 1.2444105e-24 9.7942091e-24
  7.2449732e-17 9.0332807e-04 3.9963868e-02 3.9963868e-02 3.9963868e-02
  3.9963868e-02 3.9963868e-02 3.9963868e-02 3.9963868e-02 3.9963868e-02
  3.9963868e-02 3.9963868e-02 3.9963868e-02 3.9963868e-02 3.9963868e-02
  3.9963868e-02 3.9963868e-02 3.9963868e-02 3.9963868e-02 3.9963868e-02
  3.9963868e-02 3.9963868e-02 3.9963868e-02 3.9963868e-02 3.9963868e-02
  3.9963868e-02 3.9963868e-02]]
loss_valid 20.3879, rmse_valid 0.903044, mae_valid 0.663577

epoch 17 start......

Evaluation:
500
loss_valid 20.3188, rmse_valid 0.901477, mae_valid 0.66143


Evaluation:
1000
loss_valid 20.0174, rmse_valid 0.894764, mae_valid 0.657734

17:


Evaluation:
train:rmse,mae: 0.7505020656159535 0.5460316600430991
[[6.5043469e-06 1.1312380e-01 1.4261919e-06 1.4415972e-01 1.3336989e-04
  5.7672467e-05 1.8505511e-01 4.1610911e-06 2.6849058e-01 6.1297357e-07
  1.1409532e-16 9.2936811e-05 5.1142622e-02 2.3770672e-01 4.8799752e-06
  1.9881352e-05]]
[[2.4042167e-05 2.2073373e-20 2.9940199e-17 7.2980633e-08 9.3230800e-24
  4.6066977e-03 5.8200001e-04 1.6742406e-02 5.3398948e-20 1.8199924e-34
  1.8459372e-07 6.7468697e-10 4.8492213e-16 2.0319593e-27 3.9183229e-04
  1.7848761e-30 9.7722076e-03 1.9554794e-21 6.9134325e-02 6.9134325e-02
  6.9134325e-02 6.9134325e-02 6.9134325e-02 6.9134325e-02 6.9134325e-02
  6.9134325e-02 6.9134325e-02 6.9134325e-02 6.9134325e-02 6.9134325e-02
  6.9134325e-02 6.9134325e-02]]
loss_valid 20.0624, rmse_valid 0.895766, mae_valid 0.656351

epoch 18 start......

Evaluation:
500
loss_valid 20.4224, rmse_valid 0.903748, mae_valid 0.664444


Evaluation:
1000
loss_valid 20.2686, rmse_valid 0.900315, mae_valid 0.661539

18:


Evaluation:
train:rmse,mae: 0.7413308859447351 0.5371048045331154
[[9.9277461e-04 1.7791490e-17 1.0487739e-03 9.7511546e-04 1.0528666e-03
  8.7524322e-04 9.9505514e-02 9.9505514e-02 9.9505514e-02 9.9505514e-02
  9.9505514e-02 9.9505514e-02 9.9505514e-02 9.9505514e-02 9.9505514e-02
  9.9505514e-02]]
[[7.0224972e-03 5.6816181e-03 2.1495180e-12 6.3249683e-03 3.4434726e-03
  1.5509408e-05 3.7596613e-02 3.7596613e-02 3.7596613e-02 3.7596613e-02
  3.7596613e-02 3.7596613e-02 3.7596613e-02 3.7596613e-02 3.7596613e-02
  3.7596613e-02 3.7596613e-02 3.7596613e-02 3.7596613e-02 3.7596613e-02
  3.7596613e-02 3.7596613e-02 3.7596613e-02 3.7596613e-02 3.7596613e-02
  3.7596613e-02 3.7596613e-02 3.7596613e-02 3.7596613e-02 3.7596613e-02
  3.7596613e-02 3.7596613e-02]]
loss_valid 20.3375, rmse_valid 0.901841, mae_valid 0.66111

epoch 19 start......

Evaluation:
500
loss_valid 20.5191, rmse_valid 0.90584, mae_valid 0.665275


Evaluation:
1000
loss_valid 20.414, rmse_valid 0.903478, mae_valid 0.663235

19:


Evaluation:
train:rmse,mae: 0.7306843333198253 0.5274498560866296
[[2.0197046e-03 1.3882093e-06 9.8463763e-03 5.9710555e-06 2.3413661e-03
  2.5713535e-02 6.6269860e-02 1.6322718e-05 9.5063228e-08 1.4989045e-01
  1.3944963e-01 3.2112529e-03 1.6861804e-02 5.7624334e-01 5.7229785e-09
  8.1288563e-03]]
[[1.1097179e-33 1.6139978e-12 3.8559958e-22 6.5998595e-28 2.3052693e-16
  3.7037037e-02 3.7037037e-02 3.7037037e-02 3.7037037e-02 3.7037037e-02
  3.7037037e-02 3.7037037e-02 3.7037037e-02 3.7037037e-02 3.7037037e-02
  3.7037037e-02 3.7037037e-02 3.7037037e-02 3.7037037e-02 3.7037037e-02
  3.7037037e-02 3.7037037e-02 3.7037037e-02 3.7037037e-02 3.7037037e-02
  3.7037037e-02 3.7037037e-02 3.7037037e-02 3.7037037e-02 3.7037037e-02
  3.7037037e-02 3.7037037e-02]]
loss_valid 20.4414, rmse_valid 0.904102, mae_valid 0.664577

epoch 20 start......

Evaluation:
500
loss_valid 20.6601, rmse_valid 0.908872, mae_valid 0.666791


Evaluation:
1000
loss_valid 20.5788, rmse_valid 0.907077, mae_valid 0.665176

20:


Evaluation:
train:rmse,mae: 0.7177136911286248 0.5165690288739504
[[1.00925246e-15 3.84962004e-05 4.36649605e-10 3.72377606e-12
  6.06339308e-04 7.12681504e-04 1.00320765e-04 1.10949129e-01
  1.10949129e-01 1.10949129e-01 1.10949129e-01 1.10949129e-01
  1.10949129e-01 1.10949129e-01 1.10949129e-01 1.10949129e-01]]
[[1.74554945e-29 0.00000000e+00 2.45233253e-01 4.05188171e-32
  1.11428800e-09 9.15807961e-27 8.83736467e-26 4.91062638e-05
  2.41062556e-25 1.75324843e-07 2.60085851e-01 7.59322861e-23
  8.23818700e-05 2.48842925e-01 3.85387763e-02 1.19467425e-36
  1.83956567e-04 0.00000000e+00 0.00000000e+00 5.03094085e-02
  1.82239552e-38 4.59953870e-23 6.35053781e-28 0.00000000e+00
  1.37559755e-03 9.48544088e-09 1.55298501e-01 0.00000000e+00
  1.43314887e-26 0.00000000e+00 9.68640723e-09 4.20075129e-12]]
loss_valid 20.5487, rmse_valid 0.906418, mae_valid 0.665933

epoch 21 start......

Evaluation:
500
loss_valid 20.8544, rmse_valid 0.913121, mae_valid 0.667674


Evaluation:
1000
loss_valid 20.6389, rmse_valid 0.908423, mae_valid 0.664699

21:


Evaluation:
train:rmse,mae: 0.7046766653153056 0.505257074614078
[[3.6745666e-07 9.8412141e-02 9.1260753e-04 4.0917542e-02 3.3151838e-12
  1.9760153e-01 5.8084379e-16 7.0990388e-19 2.6143914e-02 2.2442524e-01
  2.5353910e-02 1.9634438e-01 2.6136494e-22 1.5384688e-13 1.8988830e-01
  1.3158268e-09]]
[[2.0879393e-02 3.6853001e-07 1.4825310e-01 2.7730729e-02 1.6377719e-01
  4.8875409e-05 1.4805862e-02 7.7646654e-03 0.0000000e+00 1.2595461e-18
  3.1761587e-02 4.7168337e-06 5.5512073e-03 4.2951260e-02 2.5513519e-02
  7.7718589e-03 4.7895767e-12 4.4617072e-02 1.4550636e-26 1.6895419e-01
  9.4177155e-10 1.8572230e-02 9.4641896e-04 1.3378215e-02 2.9565966e-02
  2.1314489e-02 7.3104120e-06 4.2791642e-02 9.4544375e-03 1.3349058e-18
  1.5358375e-01 1.0949493e-22]]
loss_valid 20.6025, rmse_valid 0.907628, mae_valid 0.66649

epoch 22 start......

Evaluation:
500
loss_valid 20.9239, rmse_valid 0.914583, mae_valid 0.671442


Evaluation:
1000
loss_valid 20.8727, rmse_valid 0.913452, mae_valid 0.66949

22:


Evaluation:
train:rmse,mae: 0.6880333684204857 0.49224368495065807
[[3.32500273e-32 0.00000000e+00 1.53835258e-02 6.84062851e-09
  6.25607148e-02 2.31259504e-21 1.02674864e-01 5.96812228e-04
  1.12716429e-01 2.13200758e-28 9.67136429e-18 1.74127699e-08
  9.43906434e-06 4.72544542e-07 5.43406759e-06 7.06052184e-01]]
[[1.9295245e-37 0.0000000e+00 8.6938871e-25 0.0000000e+00 0.0000000e+00
  5.2029553e-25 1.4459610e-25 4.7521703e-13 4.1666668e-02 4.1666668e-02
  4.1666668e-02 4.1666668e-02 4.1666668e-02 4.1666668e-02 4.1666668e-02
  4.1666668e-02 4.1666668e-02 4.1666668e-02 4.1666668e-02 4.1666668e-02
  4.1666668e-02 4.1666668e-02 4.1666668e-02 4.1666668e-02 4.1666668e-02
  4.1666668e-02 4.1666668e-02 4.1666668e-02 4.1666668e-02 4.1666668e-02
  4.1666668e-02 4.1666668e-02]]
loss_valid 20.749, rmse_valid 0.910754, mae_valid 0.668454

epoch 23 start......

Evaluation:
500
loss_valid 21.0685, rmse_valid 0.917756, mae_valid 0.671254


Evaluation:
1000
loss_valid 20.9875, rmse_valid 0.915985, mae_valid 0.671936

23:


Evaluation:
train:rmse,mae: 0.6703380470978465 0.47739165600947137
[[3.2475242e-09 1.4435860e-03 1.5228382e-10 8.3106264e-05 3.7178854e-08
  4.1328755e-04 6.8074513e-07 1.6440658e-04 1.2367670e-04 2.3178491e-03
  1.2988026e-03 2.1729711e-03 1.4397790e-04 4.2689597e-04 4.9570537e-01
  4.9570537e-01]]
[[3.9514661e-01 2.7871487e-14 1.9661734e-09 2.6981007e-22 2.7056998e-03
  1.9699633e-22 0.0000000e+00 0.0000000e+00 2.1910855e-26 3.7413578e-02
  3.0633031e-14 0.0000000e+00 3.4069617e-14 5.5073923e-14 1.3484523e-08
  3.9631607e-24 8.0958943e-13 2.6860418e-24 0.0000000e+00 1.8860863e-23
  2.7678684e-34 9.2615776e-10 1.1946495e-18 8.9815235e-22 2.4265998e-16
  0.0000000e+00 0.0000000e+00 0.0000000e+00 5.0258619e-04 5.6423151e-01
  1.4181852e-12 0.0000000e+00]]
loss_valid 21.0397, rmse_valid 0.917129, mae_valid 0.674812

epoch 24 start......

Evaluation:
500
loss_valid 21.1477, rmse_valid 0.919434, mae_valid 0.674251


Evaluation:
1000
loss_valid 21.0984, rmse_valid 0.918381, mae_valid 0.673927

24:


Evaluation:
train:rmse,mae: 0.6535643687858673 0.4647866914237755
[[1.1959429e-01 9.9621162e-02 8.7626956e-02 1.0230319e-03 2.0747826e-02
  1.9253785e-02 9.3186714e-02 4.1137589e-03 2.2085091e-02 1.1118861e-09
  1.1097252e-01 9.0588644e-02 3.1495803e-10 9.3977861e-02 8.9491755e-02
  1.4771657e-01]]
[[0.0000000e+00 0.0000000e+00 1.4880718e-02 1.1456627e-02 0.0000000e+00
  4.7743225e-38 2.2426119e-22 2.5284124e-20 1.0929056e-33 4.9897175e-33
  6.1191027e-19 0.0000000e+00 1.5976156e-34 0.0000000e+00 0.0000000e+00
  5.9432639e-29 4.0755925e-20 9.1684227e-20 6.9547333e-02 6.9547333e-02
  6.9547333e-02 6.9547333e-02 6.9547333e-02 6.9547333e-02 6.9547333e-02
  6.9547333e-02 6.9547333e-02 6.9547333e-02 6.9547333e-02 6.9547333e-02
  6.9547333e-02 6.9547333e-02]]
loss_valid 21.2333, rmse_valid 0.921315, mae_valid 0.672519

epoch 25 start......

Evaluation:
500
loss_valid 21.2808, rmse_valid 0.92233, mae_valid 0.67696


Evaluation:
1000
loss_valid 21.1819, rmse_valid 0.920276, mae_valid 0.674746

25:


Evaluation:
train:rmse,mae: 0.635742380682397 0.45219692775016823
[[3.9532310e-01 1.7024292e-18 1.3072979e-01 4.4260956e-02 1.5202705e-02
  4.8890322e-02 1.1029004e-11 1.2054234e-03 1.3359690e-22 2.6662569e-04
  3.4876469e-01 2.4924518e-06 1.0084718e-02 5.5841976e-12 5.2681873e-03
  9.6383724e-07]]
[[2.7848172e-03 0.0000000e+00 0.0000000e+00 0.0000000e+00 5.1375911e-24
  8.2376982e-18 8.3965540e-10 0.0000000e+00 7.0460951e-28 4.3357182e-02
  4.3357182e-02 4.3357182e-02 4.3357182e-02 4.3357182e-02 4.3357182e-02
  4.3357182e-02 4.3357182e-02 4.3357182e-02 4.3357182e-02 4.3357182e-02
  4.3357182e-02 4.3357182e-02 4.3357182e-02 4.3357182e-02 4.3357182e-02
  4.3357182e-02 4.3357182e-02 4.3357182e-02 4.3357182e-02 4.3357182e-02
  4.3357182e-02 4.3357182e-02]]
loss_valid 21.1582, rmse_valid 0.919756, mae_valid 0.673744

epoch 26 start......

Evaluation:
500
loss_valid 21.5267, rmse_valid 0.927761, mae_valid 0.680154


Evaluation:
1000
loss_valid 21.648, rmse_valid 0.930394, mae_valid 0.682726

26:


Evaluation:
train:rmse,mae: 0.6160757993442425 0.43737256457840185
[[5.6414115e-17 2.7270546e-02 4.0188599e-02 4.9434149e-28 4.5828478e-18
  6.7089917e-11 4.9683243e-01 4.8710916e-02 1.0954861e-34 5.8582802e-03
  1.4244524e-14 3.5083064e-01 2.9421541e-15 2.7540030e-24 3.0308537e-02
  1.5504993e-17]]
[[7.69837165e-22 0.00000000e+00 0.00000000e+00 3.35163390e-03
  0.00000000e+00 2.11698682e-21 8.17212231e-28 0.00000000e+00
  1.44854950e-14 1.72814493e-20 3.17338621e-11 3.60149865e-22
  1.18118045e-07 2.70505960e-04 1.62906156e-06 0.00000000e+00
  8.40742830e-32 0.00000000e+00 0.00000000e+00 2.36239561e-09
  0.00000000e+00 0.00000000e+00 0.00000000e+00 0.00000000e+00
  1.24547012e-01 1.24547012e-01 1.24547012e-01 1.24547012e-01
  1.24547012e-01 1.24547012e-01 1.24547012e-01 1.24547012e-01]]
loss_valid 21.6766, rmse_valid 0.93101, mae_valid 0.680951

epoch 27 start......

Evaluation:
500
loss_valid 21.6457, rmse_valid 0.930433, mae_valid 0.683071


Evaluation:
1000
loss_valid 21.6611, rmse_valid 0.930704, mae_valid 0.682926

27:


Evaluation:
train:rmse,mae: 0.5980682808419933 0.4247863497423089
[[1.18151940e-04 1.20904871e-04 5.64237707e-05 1.20436445e-04
  1.25760882e-04 1.21465229e-04 1.19121440e-04 1.11024193e-01
  1.11024193e-01 1.11024193e-01 1.11024193e-01 1.11024193e-01
  1.11024193e-01 1.11024193e-01 1.11024193e-01 1.11024193e-01]]
[[1.9487082e-32 0.0000000e+00 0.0000000e+00 9.7621053e-36 2.6712314e-05
  3.7148393e-31 0.0000000e+00 3.9998934e-02 3.9998934e-02 3.9998934e-02
  3.9998934e-02 3.9998934e-02 3.9998934e-02 3.9998934e-02 3.9998934e-02
  3.9998934e-02 3.9998934e-02 3.9998934e-02 3.9998934e-02 3.9998934e-02
  3.9998934e-02 3.9998934e-02 3.9998934e-02 3.9998934e-02 3.9998934e-02
  3.9998934e-02 3.9998934e-02 3.9998934e-02 3.9998934e-02 3.9998934e-02
  3.9998934e-02 3.9998934e-02]]
loss_valid 21.6233, rmse_valid 0.929908, mae_valid 0.681237

epoch 28 start......

Evaluation:
500
loss_valid 21.6418, rmse_valid 0.930337, mae_valid 0.682381


Evaluation:
1000
loss_valid 21.6745, rmse_valid 0.931045, mae_valid 0.684588

28:


Evaluation:
train:rmse,mae: 0.5879365920156673 0.4158286923083706
[[2.06525699e-18 9.18641490e-06 1.17700632e-14 5.51692093e-36
  1.16849560e-17 2.39555952e-16 4.17267192e-15 4.12541336e-22
  1.33914355e-08 5.19264623e-12 2.42481341e-10 9.07907847e-08
  1.18228261e-10 9.99990702e-01 5.33989133e-19 1.96499874e-26]]
[[0.0000000e+00 3.9044168e-09 1.1047763e-04 2.1570083e-08 0.0000000e+00
  2.6477242e-11 5.9978129e-06 2.1793288e-12 3.8483341e-33 0.0000000e+00
  4.5449249e-02 4.5449249e-02 4.5449249e-02 4.5449249e-02 4.5449249e-02
  4.5449249e-02 4.5449249e-02 4.5449249e-02 4.5449249e-02 4.5449249e-02
  4.5449249e-02 4.5449249e-02 4.5449249e-02 4.5449249e-02 4.5449249e-02
  4.5449249e-02 4.5449249e-02 4.5449249e-02 4.5449249e-02 4.5449249e-02
  4.5449249e-02 4.5449249e-02]]
loss_valid 21.6212, rmse_valid 0.929898, mae_valid 0.682296

epoch 29 start......

Evaluation:
500
loss_valid 21.7692, rmse_valid 0.933097, mae_valid 0.684756


Evaluation:
1000
loss_valid 21.6534, rmse_valid 0.930627, mae_valid 0.683248

29:


Evaluation:
train:rmse,mae: 0.5772601327170497 0.4082991934916823
[[1.3215585e-04 6.5524546e-05 2.2341163e-04 5.7562640e-05 8.3293445e-02
  8.3293445e-02 8.3293445e-02 8.3293445e-02 8.3293445e-02 8.3293445e-02
  8.3293445e-02 8.3293445e-02 8.3293445e-02 8.3293445e-02 8.3293445e-02
  8.3293445e-02]]
[[0.0000000e+00 3.6753007e-22 0.0000000e+00 1.0994087e-09 2.7626045e-03
  0.0000000e+00 2.9572621e-03 0.0000000e+00 7.1232031e-10 0.0000000e+00
  0.0000000e+00 0.0000000e+00 1.8341688e-18 3.1579824e-03 5.5062342e-02
  5.5062342e-02 5.5062342e-02 5.5062342e-02 5.5062342e-02 5.5062342e-02
  5.5062342e-02 5.5062342e-02 5.5062342e-02 5.5062342e-02 5.5062342e-02
  5.5062342e-02 5.5062342e-02 5.5062342e-02 5.5062342e-02 5.5062342e-02
  5.5062342e-02 5.5062342e-02]]
loss_valid 21.6626, rmse_valid 0.930841, mae_valid 0.681648

epoch 30 start......

Evaluation:
500
loss_valid 21.7731, rmse_valid 0.933247, mae_valid 0.685274


Evaluation:
1000
loss_valid 21.7547, rmse_valid 0.932878, mae_valid 0.687575

30:


Evaluation:
train:rmse,mae: 0.5781783007481248 0.4040376016051297
[[1.06390675e-04 4.03033099e-15 1.79365961e-04 1.47633778e-04
  1.15607749e-04 1.09403765e-04 9.03811070e-08 2.17567481e-06
  1.97981734e-07 4.76777859e-05 1.06359832e-04 1.15515839e-04
  1.00739613e-04 1.30093889e-04 4.99419361e-01 4.99419361e-01]]
[[3.8902086e-33 0.0000000e+00 1.4652030e-29 0.0000000e+00 0.0000000e+00
  0.0000000e+00 3.3413420e-07 2.9729768e-05 0.0000000e+00 7.8544529e-25
  1.3319291e-25 9.1660759e-06 5.3316700e-01 0.0000000e+00 7.1367844e-34
  1.8468181e-32 0.0000000e+00 3.5904271e-16 5.2347050e-19 2.3117660e-02
  5.0038398e-34 0.0000000e+00 0.0000000e+00 0.0000000e+00 0.0000000e+00
  9.9914581e-33 0.0000000e+00 0.0000000e+00 0.0000000e+00 4.4367611e-01
  0.0000000e+00 2.6496526e-20]]
loss_valid 21.7523, rmse_valid 0.932834, mae_valid 0.685876

epoch 31 start......

Evaluation:
500
loss_valid 21.8718, rmse_valid 0.935412, mae_valid 0.684278


Evaluation:
1000
loss_valid 21.8811, rmse_valid 0.935639, mae_valid 0.68447

31:


Evaluation:
train:rmse,mae: 0.557688613963012 0.39602658063317264
[[1.2463275e-18 8.8790506e-03 1.8840425e-03 8.6864397e-02 4.6486129e-19
  2.3750502e-18 1.5302549e-21 6.3625449e-01 2.5723216e-01 2.9697864e-09
  1.5499826e-29 8.8832602e-03 1.3658508e-24 9.3540819e-22 3.3912276e-20
  2.6482398e-06]]
[[1.7312951e-19 4.5662622e-20 1.4343212e-03 8.6319030e-24 7.4340201e-23
  1.4496927e-14 0.0000000e+00 0.0000000e+00 0.0000000e+00 0.0000000e+00
  1.0942770e-14 3.7234806e-15 6.1678849e-09 3.3367721e-03 3.9369883e-03
  5.5081316e-04 0.0000000e+00 5.2075562e-36 1.0387602e-20 7.6210856e-02
  7.6210856e-02 7.6210856e-02 7.6210856e-02 7.6210856e-02 7.6210856e-02
  7.6210856e-02 7.6210856e-02 7.6210856e-02 7.6210856e-02 7.6210856e-02
  7.6210856e-02 7.6210856e-02]]
loss_valid 21.8598, rmse_valid 0.935179, mae_valid 0.685871

epoch 32 start......

Evaluation:
500
loss_valid 21.9177, rmse_valid 0.936396, mae_valid 0.68678


Evaluation:
1000
loss_valid 21.9732, rmse_valid 0.937588, mae_valid 0.686261

32:


Evaluation:
train:rmse,mae: 0.5458555169727491 0.3887125007772215
[[2.1372487e-05 2.3463863e-05 1.9008701e-05 1.8347540e-05 8.4827798e-09
  9.0901621e-02 9.0901621e-02 9.0901621e-02 9.0901621e-02 9.0901621e-02
  9.0901621e-02 9.0901621e-02 9.0901621e-02 9.0901621e-02 9.0901621e-02
  9.0901621e-02]]
[[4.7346111e-12 5.4966458e-03 6.3974718e-03 6.7836610e-03 5.5774576e-03
  1.7999017e-04 6.2915222e-20 0.0000000e+00 6.2187221e-03 5.7423501e-03
  6.2187086e-03 5.5986590e-08 0.0000000e+00 5.5774576e-03 1.2977070e-32
  0.0000000e+00 1.0677553e-03 6.3382648e-02 6.3382648e-02 6.3382648e-02
  6.3382648e-02 6.3382648e-02 6.3382648e-02 6.3382648e-02 6.3382648e-02
  6.3382648e-02 6.3382648e-02 6.3382648e-02 6.3382648e-02 6.3382648e-02
  6.3382648e-02 6.3382648e-02]]
loss_valid 21.9645, rmse_valid 0.937403, mae_valid 0.687184

epoch 33 start......

Evaluation:
500
loss_valid 22.0428, rmse_valid 0.939097, mae_valid 0.688331


Evaluation:
1000
loss_valid 21.8854, rmse_valid 0.935758, mae_valid 0.68517

33:


Evaluation:
train:rmse,mae: 0.5443656294386168 0.3846300103094267
[[5.03955489e-05 4.89291451e-05 4.93712541e-05 4.90238708e-05
  5.19685527e-05 4.24424470e-05 4.93712541e-05 5.39784305e-05
  1.01358073e-05 1.16334566e-04 1.28413159e-16 6.17067126e-05
  6.29663264e-05 3.33117783e-01 3.33117783e-01 3.33117783e-01]]
[[0.0000000e+00 0.0000000e+00 6.2094186e-03 0.0000000e+00 0.0000000e+00
  0.0000000e+00 4.9297740e-03 0.0000000e+00 1.7898318e-01 0.0000000e+00
  1.1022122e-22 1.2844543e-38 0.0000000e+00 2.6404196e-38 1.9941717e-01
  6.9169290e-26 0.0000000e+00 4.1764702e-06 0.0000000e+00 0.0000000e+00
  3.2381696e-17 2.2155309e-01 1.8304414e-01 0.0000000e+00 0.0000000e+00
  0.0000000e+00 9.4205193e-18 0.0000000e+00 0.0000000e+00 4.9564081e-12
  1.3883816e-01 6.7020901e-02]]
loss_valid 21.8872, rmse_valid 0.935796, mae_valid 0.68526

epoch 34 start......

Evaluation:
500
loss_valid 22.5265, rmse_valid 0.949325, mae_valid 0.696151


Evaluation:
1000
loss_valid 21.9525, rmse_valid 0.937114, mae_valid 0.686909

34:


Evaluation:
train:rmse,mae: 0.5374020566974861 0.38050180296391106
[[3.9359644e-18 2.0401199e-05 3.2128271e-14 7.6921508e-02 7.6921508e-02
  7.6921508e-02 7.6921508e-02 7.6921508e-02 7.6921508e-02 7.6921508e-02
  7.6921508e-02 7.6921508e-02 7.6921508e-02 7.6921508e-02 7.6921508e-02
  7.6921508e-02]]
[[0.0000000e+00 0.0000000e+00 6.1657936e-08 3.0609056e-23 0.0000000e+00
  0.0000000e+00 0.0000000e+00 0.0000000e+00 1.3860663e-10 0.0000000e+00
  5.0314861e-06 0.0000000e+00 4.9999744e-02 4.9999744e-02 4.9999744e-02
  4.9999744e-02 4.9999744e-02 4.9999744e-02 4.9999744e-02 4.9999744e-02
  4.9999744e-02 4.9999744e-02 4.9999744e-02 4.9999744e-02 4.9999744e-02
  4.9999744e-02 4.9999744e-02 4.9999744e-02 4.9999744e-02 4.9999744e-02
  4.9999744e-02 4.9999744e-02]]
loss_valid 22.0054, rmse_valid 0.938239, mae_valid 0.689309

epoch 35 start......

Evaluation:
500
loss_valid 21.8537, rmse_valid 0.935015, mae_valid 0.688468


Evaluation:
1000
loss_valid 22.0042, rmse_valid 0.938284, mae_valid 0.686406

35:


Evaluation:
train:rmse,mae: 0.5345932267714237 0.3775791464652416
[[1.28425735e-20 2.21034569e-36 1.70947715e-35 0.00000000e+00
  8.72673118e-05 7.71578852e-05 9.99835581e-02 9.99835581e-02
  9.99835581e-02 9.99835581e-02 9.99835581e-02 9.99835581e-02
  9.99835581e-02 9.99835581e-02 9.99835581e-02 9.99835581e-02]]
[[0.0000000e+00 0.0000000e+00 0.0000000e+00 0.0000000e+00 1.2530709e-14
  4.5947090e-06 5.4797008e-05 0.0000000e+00 0.0000000e+00 0.0000000e+00
  0.0000000e+00 0.0000000e+00 9.9908817e-01 1.1312720e-06 0.0000000e+00
  3.3079285e-24 3.0384544e-18 5.1597924e-13 0.0000000e+00 0.0000000e+00
  0.0000000e+00 0.0000000e+00 6.8706536e-18 0.0000000e+00 0.0000000e+00
  0.0000000e+00 4.7991103e-24 8.5133879e-04 0.0000000e+00 0.0000000e+00
  0.0000000e+00 0.0000000e+00]]
loss_valid 22.0394, rmse_valid 0.939036, mae_valid 0.687043

epoch 36 start......

Evaluation:
500
loss_valid 21.9964, rmse_valid 0.938151, mae_valid 0.687461


Evaluation:
1000
loss_valid 22.1221, rmse_valid 0.940786, mae_valid 0.690424

36:


Evaluation:
train:rmse,mae: 0.5203599125578784 0.36921418579880166
[[1.71119596e-09 3.19683924e-04 5.12607745e-04 5.18153502e-06
  2.15999833e-07 1.04644652e-27 5.03406545e-06 1.62258490e-22
  1.05140475e-26 0.00000000e+00 1.66526213e-01 1.66526213e-01
  1.66526213e-01 1.66526213e-01 1.66526213e-01 1.66526213e-01]]
[[0.0000000e+00 0.0000000e+00 0.0000000e+00 0.0000000e+00 0.0000000e+00
  0.0000000e+00 0.0000000e+00 0.0000000e+00 0.0000000e+00 0.0000000e+00
  0.0000000e+00 4.0208512e-33 3.1797856e-06 8.1785578e-25 0.0000000e+00
  3.6413245e-37 0.0000000e+00 0.0000000e+00 1.0501018e-27 7.6922834e-02
  7.6922834e-02 7.6922834e-02 7.6922834e-02 7.6922834e-02 7.6922834e-02
  7.6922834e-02 7.6922834e-02 7.6922834e-02 7.6922834e-02 7.6922834e-02
  7.6922834e-02 7.6922834e-02]]
loss_valid 22.1205, rmse_valid 0.94075, mae_valid 0.690102

epoch 37 start......

Evaluation:
500
loss_valid 22.0688, rmse_valid 0.939655, mae_valid 0.688686


Evaluation:
1000
loss_valid 22.0018, rmse_valid 0.938291, mae_valid 0.686239

37:


Evaluation:
train:rmse,mae: 0.5142080773190024 0.3651860162111872
[[1.3820290e-28 2.2015127e-08 3.5913358e-35 2.6631364e-05 1.2797067e-25
  9.0906665e-02 9.0906665e-02 9.0906665e-02 9.0906665e-02 9.0906665e-02
  9.0906665e-02 9.0906665e-02 9.0906665e-02 9.0906665e-02 9.0906665e-02
  9.0906665e-02]]
[[2.2957191e-02 0.0000000e+00 1.3262836e-06 2.2347484e-09 0.0000000e+00
  0.0000000e+00 1.3214605e-02 0.0000000e+00 5.2518384e-03 0.0000000e+00
  2.6902575e-25 1.0357061e-21 0.0000000e+00 5.1941330e-20 1.9021841e-18
  6.8440977e-03 1.2777672e-02 4.5908008e-15 0.0000000e+00 0.0000000e+00
  2.9598903e-08 6.5814034e-18 2.1518592e-25 0.0000000e+00 1.2594949e-02
  1.2847438e-02 0.0000000e+00 0.0000000e+00 1.0832005e-05 3.0450001e-01
  3.0450001e-01 3.0450001e-01]]
loss_valid 21.9787, rmse_valid 0.937808, mae_valid 0.685962

epoch 38 start......

Evaluation:
500
loss_valid 22.026, rmse_valid 0.938771, mae_valid 0.686832


Evaluation:
1000
loss_valid 22.1236, rmse_valid 0.940883, mae_valid 0.688181

38:


Evaluation:
train:rmse,mae: 0.5162967117512284 0.3652144671206313
[[1.6143882e-04 4.7863087e-15 3.5349368e-07 0.0000000e+00 3.1768340e-01
  2.8385736e-24 2.2088608e-03 3.8077417e-07 4.0304434e-01 4.2091943e-07
  0.0000000e+00 4.1404323e-13 2.7690074e-01 8.2447514e-08 0.0000000e+00
  4.4981100e-28]]
[[0.0000000e+00 0.0000000e+00 3.2302207e-08 2.5215929e-06 2.5030088e-01
  2.9686013e-01 0.0000000e+00 0.0000000e+00 2.1012069e-01 8.7667610e-19
  0.0000000e+00 3.7328828e-08 1.7068893e-05 0.0000000e+00 0.0000000e+00
  0.0000000e+00 3.3556897e-23 0.0000000e+00 5.0735467e-17 1.2925083e-11
  0.0000000e+00 0.0000000e+00 0.0000000e+00 4.0631266e-12 0.0000000e+00
  1.5028426e-06 0.0000000e+00 2.4269708e-01 5.9400096e-10 0.0000000e+00
  0.0000000e+00 0.0000000e+00]]
loss_valid 22.1428, rmse_valid 0.941289, mae_valid 0.688797

epoch 39 start......

Evaluation:
500
loss_valid 22.1913, rmse_valid 0.942349, mae_valid 0.690322


Evaluation:
1000
loss_valid 22.1497, rmse_valid 0.941465, mae_valid 0.687896

39:


Evaluation:
train:rmse,mae: 0.5096125417861386 0.3605464378128881
[[1.4524670e-05 7.8214713e-33 1.1745432e-20 0.0000000e+00 0.0000000e+00
  2.4108297e-16 3.7750417e-01 4.7521867e-06 6.8827495e-20 8.8776519e-23
  2.8189468e-01 3.2048277e-04 1.3520541e-06 2.6852511e-31 5.6733565e-35
  3.4025994e-01]]
[[4.6178798e-37 9.5376995e-04 0.0000000e+00 6.8126401e-21 0.0000000e+00
  0.0000000e+00 3.8424853e-02 3.8424853e-02 3.8424853e-02 3.8424853e-02
  3.8424853e-02 3.8424853e-02 3.8424853e-02 3.8424853e-02 3.8424853e-02
  3.8424853e-02 3.8424853e-02 3.8424853e-02 3.8424853e-02 3.8424853e-02
  3.8424853e-02 3.8424853e-02 3.8424853e-02 3.8424853e-02 3.8424853e-02
  3.8424853e-02 3.8424853e-02 3.8424853e-02 3.8424853e-02 3.8424853e-02
  3.8424853e-02 3.8424853e-02]]
loss_valid 22.1294, rmse_valid 0.941037, mae_valid 0.689308

best rmse: 0.8875653047593676
best mae: 0.6538114856023026
